<?xml version="1.0" encoding="UTF-8"?>
<testsuite xmlns:xsi="http://www.w3.org/2001/XMLSchema-instance" xsi:noNamespaceSchemaLocation="https://maven.apache.org/surefire/maven-surefire-plugin/xsd/surefire-test-report.xsd" name="TestSuite" time="43.704" tests="1" errors="0" skipped="0" failures="0">
  <properties>
    <property name="gopherProxySet" value="false"/>
    <property name="awt.toolkit" value="sun.lwawt.macosx.LWCToolkit"/>
    <property name="file.encoding.pkg" value="sun.io"/>
    <property name="java.specification.version" value="1.8"/>
    <property name="sun.cpu.isalist" value=""/>
    <property name="sun.jnu.encoding" value="UTF-8"/>
    <property name="java.class.path" value="/Users/rashedarnob/Desktop/JahidulMobileAuto/MobileAutomation/EbayApp/target/test-classes:/Users/rashedarnob/Desktop/JahidulMobileAuto/MobileAutomation/EbayApp/target/classes:/Users/rashedarnob/Desktop/JahidulMobileAuto/MobileAutomation/Generic/target/Generic-1.0-SNAPSHOT.jar:/Users/rashedarnob/.m2/repository/org/testng/testng/6.9.10/testng-6.9.10.jar:/Users/rashedarnob/.m2/repository/com/beust/jcommander/1.48/jcommander-1.48.jar:/Users/rashedarnob/.m2/repository/org/beanshell/bsh/2.0b4/bsh-2.0b4.jar:/Users/rashedarnob/.m2/repository/io/appium/java-client/2.1.0/java-client-2.1.0.jar:/Users/rashedarnob/.m2/repository/com/google/code/gson/gson/2.2.4/gson-2.2.4.jar:/Users/rashedarnob/.m2/repository/org/seleniumhq/selenium/selenium-java/2.43.1/selenium-java-2.43.1.jar:/Users/rashedarnob/.m2/repository/org/seleniumhq/selenium/selenium-chrome-driver/2.43.1/selenium-chrome-driver-2.43.1.jar:/Users/rashedarnob/.m2/repository/org/seleniumhq/selenium/selenium-remote-driver/2.43.1/selenium-remote-driver-2.43.1.jar:/Users/rashedarnob/.m2/repository/cglib/cglib-nodep/2.1_3/cglib-nodep-2.1_3.jar:/Users/rashedarnob/.m2/repository/org/seleniumhq/selenium/selenium-api/2.43.1/selenium-api-2.43.1.jar:/Users/rashedarnob/.m2/repository/org/seleniumhq/selenium/selenium-htmlunit-driver/2.43.1/selenium-htmlunit-driver-2.43.1.jar:/Users/rashedarnob/.m2/repository/net/sourceforge/htmlunit/htmlunit/2.15/htmlunit-2.15.jar:/Users/rashedarnob/.m2/repository/xalan/xalan/2.7.1/xalan-2.7.1.jar:/Users/rashedarnob/.m2/repository/xalan/serializer/2.7.1/serializer-2.7.1.jar:/Users/rashedarnob/.m2/repository/commons-collections/commons-collections/3.2.1/commons-collections-3.2.1.jar:/Users/rashedarnob/.m2/repository/org/apache/commons/commons-lang3/3.3.2/commons-lang3-3.3.2.jar:/Users/rashedarnob/.m2/repository/org/apache/httpcomponents/httpmime/4.3.3/httpmime-4.3.3.jar:/Users/rashedarnob/.m2/repository/net/sourceforge/htmlunit/htmlunit-core-js/2.15/htmlunit-core-js-2.15.jar:/Users/rashedarnob/.m2/repository/xerces/xercesImpl/2.11.0/xercesImpl-2.11.0.jar:/Users/rashedarnob/.m2/repository/xml-apis/xml-apis/1.4.01/xml-apis-1.4.01.jar:/Users/rashedarnob/.m2/repository/net/sourceforge/nekohtml/nekohtml/1.9.21/nekohtml-1.9.21.jar:/Users/rashedarnob/.m2/repository/net/sourceforge/cssparser/cssparser/0.9.14/cssparser-0.9.14.jar:/Users/rashedarnob/.m2/repository/org/w3c/css/sac/1.3/sac-1.3.jar:/Users/rashedarnob/.m2/repository/org/eclipse/jetty/jetty-websocket/8.1.15.v20140411/jetty-websocket-8.1.15.v20140411.jar:/Users/rashedarnob/.m2/repository/org/eclipse/jetty/jetty-util/8.1.15.v20140411/jetty-util-8.1.15.v20140411.jar:/Users/rashedarnob/.m2/repository/org/eclipse/jetty/jetty-io/8.1.15.v20140411/jetty-io-8.1.15.v20140411.jar:/Users/rashedarnob/.m2/repository/org/eclipse/jetty/jetty-http/8.1.15.v20140411/jetty-http-8.1.15.v20140411.jar:/Users/rashedarnob/.m2/repository/org/seleniumhq/selenium/selenium-firefox-driver/2.43.1/selenium-firefox-driver-2.43.1.jar:/Users/rashedarnob/.m2/repository/commons-io/commons-io/2.4/commons-io-2.4.jar:/Users/rashedarnob/.m2/repository/org/apache/commons/commons-exec/1.1/commons-exec-1.1.jar:/Users/rashedarnob/.m2/repository/org/seleniumhq/selenium/selenium-ie-driver/2.43.1/selenium-ie-driver-2.43.1.jar:/Users/rashedarnob/.m2/repository/net/java/dev/jna/jna/3.4.0/jna-3.4.0.jar:/Users/rashedarnob/.m2/repository/net/java/dev/jna/platform/3.4.0/platform-3.4.0.jar:/Users/rashedarnob/.m2/repository/org/seleniumhq/selenium/selenium-safari-driver/2.43.1/selenium-safari-driver-2.43.1.jar:/Users/rashedarnob/.m2/repository/org/seleniumhq/selenium/selenium-support/2.43.1/selenium-support-2.43.1.jar:/Users/rashedarnob/.m2/repository/org/webbitserver/webbit/0.4.15/webbit-0.4.15.jar:/Users/rashedarnob/.m2/repository/io/netty/netty/3.5.5.Final/netty-3.5.5.Final.jar:/Users/rashedarnob/.m2/repository/junit/junit/4.11/junit-4.11.jar:/Users/rashedarnob/.m2/repository/org/hamcrest/hamcrest-core/1.3/hamcrest-core-1.3.jar:/Users/rashedarnob/.m2/repository/org/apache/httpcomponents/httpclient/4.3.3/httpclient-4.3.3.jar:/Users/rashedarnob/.m2/repository/org/apache/httpcomponents/httpcore/4.3.2/httpcore-4.3.2.jar:/Users/rashedarnob/.m2/repository/commons-logging/commons-logging/1.1.3/commons-logging-1.1.3.jar:/Users/rashedarnob/.m2/repository/commons-codec/commons-codec/1.6/commons-codec-1.6.jar:/Users/rashedarnob/.m2/repository/com/google/guava/guava/17.0/guava-17.0.jar:/Users/rashedarnob/.m2/repository/cglib/cglib/3.1/cglib-3.1.jar:/Users/rashedarnob/.m2/repository/org/ow2/asm/asm/4.2/asm-4.2.jar:/Users/rashedarnob/.m2/repository/org/json/json/20160212/json-20160212.jar:/Users/rashedarnob/.m2/repository/com/googlecode/json-simple/json-simple/1.1.1/json-simple-1.1.1.jar:/Users/rashedarnob/.m2/repository/org/apache/maven/surefire/common-java5/2.16/common-java5-2.16.jar:/Users/rashedarnob/.m2/repository/org/apache/maven/surefire/surefire-api/2.16/surefire-api-2.16.jar:/Users/rashedarnob/.m2/repository/org/jsoup/jsoup/1.8.3/jsoup-1.8.3.jar:/Users/rashedarnob/.m2/repository/com/relevantcodes/extentreports/2.41.1/extentreports-2.41.1.jar:/Users/rashedarnob/.m2/repository/org/xerial/sqlite-jdbc/3.8.11.1/sqlite-jdbc-3.8.11.1.jar:/Users/rashedarnob/.m2/repository/org/freemarker/freemarker/2.3.23/freemarker-2.3.23.jar:/Users/rashedarnob/.m2/repository/org/mongodb/mongodb-driver/3.0.4/mongodb-driver-3.0.4.jar:/Users/rashedarnob/.m2/repository/org/mongodb/bson/3.0.4/bson-3.0.4.jar:/Users/rashedarnob/.m2/repository/org/mongodb/mongodb-driver-core/3.0.4/mongodb-driver-core-3.0.4.jar:/Users/rashedarnob/.m2/repository/commons-lang/commons-lang/2.6/commons-lang-2.6.jar:/Users/rashedarnob/.m2/repository/org/apache/maven/surefire/surefire-testng-utils/2.20.1/surefire-testng-utils-2.20.1.jar:/Users/rashedarnob/.m2/repository/org/apache/maven/surefire/surefire-grouper/2.20.1/surefire-grouper-2.20.1.jar:"/>
    <property name="java.vm.vendor" value="Oracle Corporation"/>
    <property name="sun.arch.data.model" value="64"/>
    <property name="java.vendor.url" value="http://java.oracle.com/"/>
    <property name="user.timezone" value=""/>
    <property name="java.vm.specification.version" value="1.8"/>
    <property name="os.name" value="Mac OS X"/>
    <property name="user.country" value="US"/>
    <property name="sun.java.launcher" value="SUN_STANDARD"/>
    <property name="sun.boot.library.path" value="/Library/Java/JavaVirtualMachines/jdk1.8.0_192.jdk/Contents/Home/jre/lib"/>
    <property name="sun.java.command" value="/Users/rashedarnob/Desktop/JahidulMobileAuto/MobileAutomation/EbayApp/target/surefire/surefirebooter2433512617779463156.jar /Users/rashedarnob/Desktop/JahidulMobileAuto/MobileAutomation/EbayApp/target/surefire 2019-01-13T14-16-34_665-jvmRun1 surefire437529334253102644tmp surefire_03488850675915756985tmp"/>
    <property name="http.nonProxyHosts" value="local|*.local|169.254/16|*.169.254/16"/>
    <property name="surefire.test.class.path" value="/Users/rashedarnob/Desktop/JahidulMobileAuto/MobileAutomation/EbayApp/target/test-classes:/Users/rashedarnob/Desktop/JahidulMobileAuto/MobileAutomation/EbayApp/target/classes:/Users/rashedarnob/Desktop/JahidulMobileAuto/MobileAutomation/Generic/target/Generic-1.0-SNAPSHOT.jar:/Users/rashedarnob/.m2/repository/org/testng/testng/6.9.10/testng-6.9.10.jar:/Users/rashedarnob/.m2/repository/com/beust/jcommander/1.48/jcommander-1.48.jar:/Users/rashedarnob/.m2/repository/org/beanshell/bsh/2.0b4/bsh-2.0b4.jar:/Users/rashedarnob/.m2/repository/io/appium/java-client/2.1.0/java-client-2.1.0.jar:/Users/rashedarnob/.m2/repository/com/google/code/gson/gson/2.2.4/gson-2.2.4.jar:/Users/rashedarnob/.m2/repository/org/seleniumhq/selenium/selenium-java/2.43.1/selenium-java-2.43.1.jar:/Users/rashedarnob/.m2/repository/org/seleniumhq/selenium/selenium-chrome-driver/2.43.1/selenium-chrome-driver-2.43.1.jar:/Users/rashedarnob/.m2/repository/org/seleniumhq/selenium/selenium-remote-driver/2.43.1/selenium-remote-driver-2.43.1.jar:/Users/rashedarnob/.m2/repository/cglib/cglib-nodep/2.1_3/cglib-nodep-2.1_3.jar:/Users/rashedarnob/.m2/repository/org/seleniumhq/selenium/selenium-api/2.43.1/selenium-api-2.43.1.jar:/Users/rashedarnob/.m2/repository/org/seleniumhq/selenium/selenium-htmlunit-driver/2.43.1/selenium-htmlunit-driver-2.43.1.jar:/Users/rashedarnob/.m2/repository/net/sourceforge/htmlunit/htmlunit/2.15/htmlunit-2.15.jar:/Users/rashedarnob/.m2/repository/xalan/xalan/2.7.1/xalan-2.7.1.jar:/Users/rashedarnob/.m2/repository/xalan/serializer/2.7.1/serializer-2.7.1.jar:/Users/rashedarnob/.m2/repository/commons-collections/commons-collections/3.2.1/commons-collections-3.2.1.jar:/Users/rashedarnob/.m2/repository/org/apache/commons/commons-lang3/3.3.2/commons-lang3-3.3.2.jar:/Users/rashedarnob/.m2/repository/org/apache/httpcomponents/httpmime/4.3.3/httpmime-4.3.3.jar:/Users/rashedarnob/.m2/repository/net/sourceforge/htmlunit/htmlunit-core-js/2.15/htmlunit-core-js-2.15.jar:/Users/rashedarnob/.m2/repository/xerces/xercesImpl/2.11.0/xercesImpl-2.11.0.jar:/Users/rashedarnob/.m2/repository/xml-apis/xml-apis/1.4.01/xml-apis-1.4.01.jar:/Users/rashedarnob/.m2/repository/net/sourceforge/nekohtml/nekohtml/1.9.21/nekohtml-1.9.21.jar:/Users/rashedarnob/.m2/repository/net/sourceforge/cssparser/cssparser/0.9.14/cssparser-0.9.14.jar:/Users/rashedarnob/.m2/repository/org/w3c/css/sac/1.3/sac-1.3.jar:/Users/rashedarnob/.m2/repository/org/eclipse/jetty/jetty-websocket/8.1.15.v20140411/jetty-websocket-8.1.15.v20140411.jar:/Users/rashedarnob/.m2/repository/org/eclipse/jetty/jetty-util/8.1.15.v20140411/jetty-util-8.1.15.v20140411.jar:/Users/rashedarnob/.m2/repository/org/eclipse/jetty/jetty-io/8.1.15.v20140411/jetty-io-8.1.15.v20140411.jar:/Users/rashedarnob/.m2/repository/org/eclipse/jetty/jetty-http/8.1.15.v20140411/jetty-http-8.1.15.v20140411.jar:/Users/rashedarnob/.m2/repository/org/seleniumhq/selenium/selenium-firefox-driver/2.43.1/selenium-firefox-driver-2.43.1.jar:/Users/rashedarnob/.m2/repository/commons-io/commons-io/2.4/commons-io-2.4.jar:/Users/rashedarnob/.m2/repository/org/apache/commons/commons-exec/1.1/commons-exec-1.1.jar:/Users/rashedarnob/.m2/repository/org/seleniumhq/selenium/selenium-ie-driver/2.43.1/selenium-ie-driver-2.43.1.jar:/Users/rashedarnob/.m2/repository/net/java/dev/jna/jna/3.4.0/jna-3.4.0.jar:/Users/rashedarnob/.m2/repository/net/java/dev/jna/platform/3.4.0/platform-3.4.0.jar:/Users/rashedarnob/.m2/repository/org/seleniumhq/selenium/selenium-safari-driver/2.43.1/selenium-safari-driver-2.43.1.jar:/Users/rashedarnob/.m2/repository/org/seleniumhq/selenium/selenium-support/2.43.1/selenium-support-2.43.1.jar:/Users/rashedarnob/.m2/repository/org/webbitserver/webbit/0.4.15/webbit-0.4.15.jar:/Users/rashedarnob/.m2/repository/io/netty/netty/3.5.5.Final/netty-3.5.5.Final.jar:/Users/rashedarnob/.m2/repository/junit/junit/4.11/junit-4.11.jar:/Users/rashedarnob/.m2/repository/org/hamcrest/hamcrest-core/1.3/hamcrest-core-1.3.jar:/Users/rashedarnob/.m2/repository/org/apache/httpcomponents/httpclient/4.3.3/httpclient-4.3.3.jar:/Users/rashedarnob/.m2/repository/org/apache/httpcomponents/httpcore/4.3.2/httpcore-4.3.2.jar:/Users/rashedarnob/.m2/repository/commons-logging/commons-logging/1.1.3/commons-logging-1.1.3.jar:/Users/rashedarnob/.m2/repository/commons-codec/commons-codec/1.6/commons-codec-1.6.jar:/Users/rashedarnob/.m2/repository/com/google/guava/guava/17.0/guava-17.0.jar:/Users/rashedarnob/.m2/repository/cglib/cglib/3.1/cglib-3.1.jar:/Users/rashedarnob/.m2/repository/org/ow2/asm/asm/4.2/asm-4.2.jar:/Users/rashedarnob/.m2/repository/org/json/json/20160212/json-20160212.jar:/Users/rashedarnob/.m2/repository/com/googlecode/json-simple/json-simple/1.1.1/json-simple-1.1.1.jar:/Users/rashedarnob/.m2/repository/org/apache/maven/surefire/common-java5/2.16/common-java5-2.16.jar:/Users/rashedarnob/.m2/repository/org/apache/maven/surefire/surefire-api/2.16/surefire-api-2.16.jar:/Users/rashedarnob/.m2/repository/org/jsoup/jsoup/1.8.3/jsoup-1.8.3.jar:/Users/rashedarnob/.m2/repository/com/relevantcodes/extentreports/2.41.1/extentreports-2.41.1.jar:/Users/rashedarnob/.m2/repository/org/xerial/sqlite-jdbc/3.8.11.1/sqlite-jdbc-3.8.11.1.jar:/Users/rashedarnob/.m2/repository/org/freemarker/freemarker/2.3.23/freemarker-2.3.23.jar:/Users/rashedarnob/.m2/repository/org/mongodb/mongodb-driver/3.0.4/mongodb-driver-3.0.4.jar:/Users/rashedarnob/.m2/repository/org/mongodb/bson/3.0.4/bson-3.0.4.jar:/Users/rashedarnob/.m2/repository/org/mongodb/mongodb-driver-core/3.0.4/mongodb-driver-core-3.0.4.jar:/Users/rashedarnob/.m2/repository/commons-lang/commons-lang/2.6/commons-lang-2.6.jar:/Users/rashedarnob/.m2/repository/org/apache/maven/surefire/surefire-testng-utils/2.20.1/surefire-testng-utils-2.20.1.jar:/Users/rashedarnob/.m2/repository/org/apache/maven/surefire/surefire-grouper/2.20.1/surefire-grouper-2.20.1.jar:"/>
    <property name="sun.cpu.endian" value="little"/>
    <property name="user.home" value="/Users/rashedarnob"/>
    <property name="user.language" value="en"/>
    <property name="java.specification.vendor" value="Oracle Corporation"/>
    <property name="java.home" value="/Library/Java/JavaVirtualMachines/jdk1.8.0_192.jdk/Contents/Home/jre"/>
    <property name="basedir" value="/Users/rashedarnob/Desktop/JahidulMobileAuto/MobileAutomation/EbayApp"/>
    <property name="file.separator" value="/"/>
    <property name="line.separator" value="&#10;"/>
    <property name="java.vm.specification.vendor" value="Oracle Corporation"/>
    <property name="java.specification.name" value="Java Platform API Specification"/>
    <property name="java.awt.graphicsenv" value="sun.awt.CGraphicsEnvironment"/>
    <property name="surefire.real.class.path" value="/Users/rashedarnob/Desktop/JahidulMobileAuto/MobileAutomation/EbayApp/target/surefire/surefirebooter2433512617779463156.jar"/>
    <property name="sun.boot.class.path" value="/Library/Java/JavaVirtualMachines/jdk1.8.0_192.jdk/Contents/Home/jre/lib/resources.jar:/Library/Java/JavaVirtualMachines/jdk1.8.0_192.jdk/Contents/Home/jre/lib/rt.jar:/Library/Java/JavaVirtualMachines/jdk1.8.0_192.jdk/Contents/Home/jre/lib/sunrsasign.jar:/Library/Java/JavaVirtualMachines/jdk1.8.0_192.jdk/Contents/Home/jre/lib/jsse.jar:/Library/Java/JavaVirtualMachines/jdk1.8.0_192.jdk/Contents/Home/jre/lib/jce.jar:/Library/Java/JavaVirtualMachines/jdk1.8.0_192.jdk/Contents/Home/jre/lib/charsets.jar:/Library/Java/JavaVirtualMachines/jdk1.8.0_192.jdk/Contents/Home/jre/lib/jfr.jar:/Library/Java/JavaVirtualMachines/jdk1.8.0_192.jdk/Contents/Home/jre/classes"/>
    <property name="sun.management.compiler" value="HotSpot 64-Bit Tiered Compilers"/>
    <property name="ftp.nonProxyHosts" value="local|*.local|169.254/16|*.169.254/16"/>
    <property name="java.runtime.version" value="1.8.0_192-b12"/>
    <property name="user.name" value="rashedarnob"/>
    <property name="path.separator" value=":"/>
    <property name="os.version" value="10.14"/>
    <property name="java.endorsed.dirs" value="/Library/Java/JavaVirtualMachines/jdk1.8.0_192.jdk/Contents/Home/jre/lib/endorsed"/>
    <property name="java.runtime.name" value="Java(TM) SE Runtime Environment"/>
    <property name="file.encoding" value="UTF-8"/>
    <property name="java.vm.name" value="Java HotSpot(TM) 64-Bit Server VM"/>
    <property name="localRepository" value="/Users/rashedarnob/.m2/repository"/>
    <property name="java.vendor.url.bug" value="http://bugreport.sun.com/bugreport/"/>
    <property name="java.io.tmpdir" value="/var/folders/wc/782xvpf11y7_f67g9ndv7zgh0000gn/T/"/>
    <property name="java.version" value="1.8.0_192"/>
    <property name="user.dir" value="/Users/rashedarnob/Desktop/JahidulMobileAuto/MobileAutomation/EbayApp"/>
    <property name="os.arch" value="x86_64"/>
    <property name="java.vm.specification.name" value="Java Virtual Machine Specification"/>
    <property name="java.awt.printerjob" value="sun.lwawt.macosx.CPrinterJob"/>
    <property name="sun.os.patch.level" value="unknown"/>
    <property name="java.library.path" value="/Users/rashedarnob/Library/Java/Extensions:/Library/Java/Extensions:/Network/Library/Java/Extensions:/System/Library/Java/Extensions:/usr/lib/java:."/>
    <property name="java.vm.info" value="mixed mode"/>
    <property name="java.vendor" value="Oracle Corporation"/>
    <property name="java.vm.version" value="25.192-b12"/>
    <property name="java.ext.dirs" value="/Users/rashedarnob/Library/Java/Extensions:/Library/Java/JavaVirtualMachines/jdk1.8.0_192.jdk/Contents/Home/jre/lib/ext:/Library/Java/Extensions:/Network/Library/Java/Extensions:/System/Library/Java/Extensions:/usr/lib/java"/>
    <property name="sun.io.unicode.encoding" value="UnicodeBig"/>
    <property name="java.class.version" value="52.0"/>
    <property name="socksNonProxyHosts" value="local|*.local|169.254/16|*.169.254/16"/>
  </properties>
  <testcase name="signInTest" classname="testCases.EbaySignInpageTest" time="30.28"/>
</testsuite>