<?xml version="1.0" encoding="UTF-8"?>
<!-- Generated by org.testng.reporters.JUnitReportReporter -->
<testsuite hostname="Rasheds-MBP-2" name="testCases.EbaySignInpageTest" tests="1" failures="0" timestamp="13 Jan 2019 19:17:19 GMT" time="43.249" errors="0">
  <testcase name="signInTest" time="43.249" classname="testCases.EbaySignInpageTest"/>
</testsuite> <!-- testCases.EbaySignInpageTest -->
